<<<<<<< HEAD
[server-logs INFO ] 2020-08-06 02:18:51.699 BaseTest:194 - Appium server already running..:
[server-logs INFO ] 2020-08-06 02:30:29.635 BaseTest:194 - Appium server already running..:
[server-logs INFO ] 2020-08-06 02:33:41.684 BaseTest:218 - Appium server stopped..:
[server-logs INFO ] 2020-08-06 02:35:43.569 BaseTest:194 - Appium server already running..:
[server-logs INFO ] 2020-08-06 02:37:01.429 BaseTest:218 - Appium server stopped..:
[server-logs INFO ] 2020-08-06 02:41:10.353 BaseTest:194 - Appium server already running..:
[server-logs INFO ] 2020-08-06 02:42:27.755 BaseTest:218 - Appium server stopped..:
[server-logs INFO ] 2020-08-06 02:46:14.674 BaseTest:194 - Appium server already running..:
[server-logs INFO ] 2020-08-06 02:47:37.917 BaseTest:218 - Appium server stopped..:
[server-logs INFO ] 2020-08-06 02:48:33.141 BaseTest:194 - Appium server already running..:
[server-logs INFO ] 2020-08-06 02:49:56.802 BaseTest:218 - Appium server stopped..:
[server-logs INFO ] 2020-08-06 02:58:28.454 BaseTest:194 - Appium server already running..:
[server-logs INFO ] 2020-08-06 02:59:53.068 BaseTest:218 - Appium server stopped..:
[server-logs INFO ] 2020-08-06 03:17:23.695 BaseTest:194 - Appium server already running..:
[server-logs INFO ] 2020-08-06 03:18:17.195 BaseTest:218 - Appium server stopped..:
[server-logs INFO ] 2020-08-06 03:31:15.884 BaseTest:194 - Appium server already running..:
[server-logs INFO ] 2020-08-06 03:32:08.609 BaseTest:218 - Appium server stopped..:
[server-logs INFO ] 2020-08-06 03:48:03.531 BaseTest:194 - Appium server already running..:
[server-logs INFO ] 2020-08-06 03:49:11.648 BaseTest:218 - Appium server stopped..:
[server-logs INFO ] 2020-08-06 03:53:08.442 BaseTest:194 - Appium server already running..:
[server-logs INFO ] 2020-08-06 03:54:16.337 BaseTest:218 - Appium server stopped..:
[server-logs INFO ] 2020-08-06 03:55:01.712 BaseTest:194 - Appium server already running..:
[server-logs INFO ] 2020-08-06 03:55:53.669 BaseTest:218 - Appium server stopped..:
[server-logs INFO ] 2020-08-06 03:57:43.057 BaseTest:194 - Appium server already running..:
[server-logs INFO ] 2020-08-06 03:58:35.675 BaseTest:218 - Appium server stopped..:
=======
[server-logs INFO ] 2020-07-30 13:53:24.021 BaseTest:192 - Appium server started..:
[server-logs INFO ] 2020-07-30 13:54:22.753 BaseTest:218 - Appium server stopped..:
[server-logs INFO ] 2020-07-30 13:55:54.102 BaseTest:192 - Appium server started..:
[server-logs INFO ] 2020-07-30 13:57:36.576 BaseTest:218 - Appium server stopped..:
[server-logs INFO ] 2020-07-30 14:32:45.792 BaseTest:192 - Appium server started..:
[server-logs INFO ] 2020-07-30 14:33:33.661 BaseTest:218 - Appium server stopped..:
[server-logs INFO ] 2020-07-30 14:58:43.625 BaseTest:192 - Appium server started..:
[server-logs INFO ] 2020-07-30 14:59:35.191 BaseTest:218 - Appium server stopped..:
[server-logs INFO ] 2020-07-30 15:02:28.282 BaseTest:192 - Appium server started..:
[server-logs INFO ] 2020-07-30 15:03:16.286 BaseTest:218 - Appium server stopped..:
[server-logs INFO ] 2020-07-30 15:11:40.498 BaseTest:192 - Appium server started..:
[server-logs INFO ] 2020-07-30 15:12:28.079 BaseTest:218 - Appium server stopped..:
[server-logs INFO ] 2020-07-30 15:16:09.795 BaseTest:192 - Appium server started..:
[server-logs INFO ] 2020-07-30 15:16:59.988 BaseTest:218 - Appium server stopped..:
[server-logs INFO ] 2020-07-30 15:20:00.216 BaseTest:192 - Appium server started..:
[server-logs INFO ] 2020-07-30 15:20:47.423 BaseTest:218 - Appium server stopped..:
[server-logs INFO ] 2020-07-30 15:22:10.753 BaseTest:192 - Appium server started..:
[server-logs INFO ] 2020-07-30 15:23:13.370 BaseTest:218 - Appium server stopped..:
[server-logs INFO ] 2020-07-30 15:24:13.843 BaseTest:192 - Appium server started..:
[server-logs INFO ] 2020-07-30 15:25:47.148 BaseTest:218 - Appium server stopped..:
[server-logs INFO ] 2020-07-30 15:26:41.017 BaseTest:192 - Appium server started..:
[server-logs INFO ] 2020-07-30 15:27:43.656 BaseTest:218 - Appium server stopped..:
[server-logs INFO ] 2020-07-30 15:30:43.713 BaseTest:192 - Appium server started..:
[server-logs INFO ] 2020-07-30 15:31:33.572 BaseTest:218 - Appium server stopped..:
[server-logs INFO ] 2020-07-30 15:32:39.035 BaseTest:192 - Appium server started..:
[server-logs INFO ] 2020-07-30 15:33:42.437 BaseTest:218 - Appium server stopped..:
[server-logs INFO ] 2020-07-30 15:35:02.331 BaseTest:192 - Appium server started..:
[server-logs INFO ] 2020-07-30 15:36:04.662 BaseTest:218 - Appium server stopped..:
[server-logs INFO ] 2020-07-30 15:39:55.106 BaseTest:192 - Appium server started..:
[server-logs INFO ] 2020-07-30 15:40:55.311 BaseTest:218 - Appium server stopped..:
[server-logs INFO ] 2020-07-30 15:47:18.491 BaseTest:192 - Appium server started..:
[server-logs INFO ] 2020-07-30 15:48:13.791 BaseTest:218 - Appium server stopped..:
[server-logs INFO ] 2020-07-30 16:19:13.168 BaseTest:192 - Appium server started..:
[server-logs INFO ] 2020-07-30 16:21:56.701 BaseTest:194 - Appium server already running..:
[server-logs INFO ] 2020-07-30 16:25:22.954 BaseTest:194 - Appium server already running..:
[server-logs INFO ] 2020-07-30 16:26:23.983 BaseTest:218 - Appium server stopped..:
[server-logs INFO ] 2020-07-30 16:36:54.812 BaseTest:194 - Appium server already running..:
[server-logs INFO ] 2020-07-30 16:38:54.802 BaseTest:194 - Appium server already running..:
[server-logs INFO ] 2020-07-30 16:40:11.641 BaseTest:192 - Appium server started..:
[server-logs INFO ] 2020-07-30 16:41:43.957 BaseTest:194 - Appium server already running..:
[server-logs INFO ] 2020-07-30 16:43:02.743 BaseTest:218 - Appium server stopped..:
[server-logs INFO ] 2020-07-30 16:44:22.804 BaseTest:194 - Appium server already running..:
[server-logs INFO ] 2020-07-30 16:45:25.350 BaseTest:218 - Appium server stopped..:
[server-logs INFO ] 2020-07-30 16:53:41.988 BaseTest:194 - Appium server already running..:
[server-logs INFO ] 2020-07-30 16:54:41.181 BaseTest:218 - Appium server stopped..:
[server-logs INFO ] 2020-07-30 17:01:01.638 BaseTest:194 - Appium server already running..:
[server-logs INFO ] 2020-07-30 17:02:12.830 BaseTest:218 - Appium server stopped..:
[server-logs INFO ] 2020-08-03 13:57:50.434 BaseTest:192 - Appium server started..:
[server-logs INFO ] 2020-08-03 13:59:23.253 BaseTest:218 - Appium server stopped..:
[server-logs INFO ] 2020-08-03 14:00:15.165 BaseTest:192 - Appium server started..:
[server-logs INFO ] 2020-08-03 14:01:20.687 BaseTest:218 - Appium server stopped..:
[server-logs INFO ] 2020-08-03 14:45:21.387 BaseTest:192 - Appium server started..:
[server-logs INFO ] 2020-08-03 14:46:52.438 BaseTest:192 - Appium server started..:
[server-logs INFO ] 2020-08-03 14:51:52.907 BaseTest:194 - Appium server already running..:
[server-logs INFO ] 2020-08-03 14:54:31.132 BaseTest:194 - Appium server already running..:
[server-logs INFO ] 2020-08-03 14:55:38.941 BaseTest:218 - Appium server stopped..:
[server-logs INFO ] 2020-08-03 14:58:50.411 BaseTest:194 - Appium server already running..:
[server-logs INFO ] 2020-08-03 14:59:43.162 BaseTest:218 - Appium server stopped..:
[server-logs INFO ] 2020-08-03 15:04:39.424 BaseTest:194 - Appium server already running..:
[server-logs INFO ] 2020-08-03 15:05:50.476 BaseTest:218 - Appium server stopped..:
[server-logs INFO ] 2020-08-03 15:45:11.459 BaseTest:194 - Appium server already running..:
[server-logs INFO ] 2020-08-03 15:48:26.205 BaseTest:194 - Appium server already running..:
[server-logs INFO ] 2020-08-03 15:48:49.559 BaseTest:218 - Appium server stopped..:
[server-logs INFO ] 2020-08-03 15:49:45.485 BaseTest:194 - Appium server already running..:
[server-logs INFO ] 2020-08-03 15:50:22.736 BaseTest:218 - Appium server stopped..:
[server-logs INFO ] 2020-08-03 15:52:11.992 BaseTest:194 - Appium server already running..:
[server-logs INFO ] 2020-08-03 15:52:49.715 BaseTest:218 - Appium server stopped..:
[server-logs INFO ] 2020-08-03 15:55:26.402 BaseTest:194 - Appium server already running..:
[server-logs INFO ] 2020-08-03 15:56:04.027 BaseTest:218 - Appium server stopped..:
[server-logs INFO ] 2020-08-03 15:58:47.291 BaseTest:194 - Appium server already running..:
[server-logs INFO ] 2020-08-03 15:59:29.214 BaseTest:218 - Appium server stopped..:
[server-logs INFO ] 2020-08-03 16:01:22.350 BaseTest:194 - Appium server already running..:
[server-logs INFO ] 2020-08-03 16:01:58.897 BaseTest:218 - Appium server stopped..:
[server-logs INFO ] 2020-08-03 16:09:47.089 BaseTest:194 - Appium server already running..:
[server-logs INFO ] 2020-08-03 16:10:25.585 BaseTest:218 - Appium server stopped..:
[server-logs INFO ] 2020-08-03 16:12:24.336 BaseTest:194 - Appium server already running..:
[server-logs INFO ] 2020-08-03 16:13:08.285 BaseTest:218 - Appium server stopped..:
[server-logs INFO ] 2020-08-03 16:18:25.597 BaseTest:194 - Appium server already running..:
[server-logs INFO ] 2020-08-03 16:19:18.023 BaseTest:218 - Appium server stopped..:
[server-logs INFO ] 2020-08-03 16:22:41.494 BaseTest:194 - Appium server already running..:
[server-logs INFO ] 2020-08-03 16:23:28.250 BaseTest:218 - Appium server stopped..:
[server-logs INFO ] 2020-08-03 16:29:57.164 BaseTest:194 - Appium server already running..:
[server-logs INFO ] 2020-08-03 16:30:52.673 BaseTest:218 - Appium server stopped..:
[server-logs INFO ] 2020-08-03 16:43:54.745 BaseTest:194 - Appium server already running..:
[server-logs INFO ] 2020-08-03 16:44:44.823 BaseTest:218 - Appium server stopped..:
>>>>>>> refs/remotes/origin/master
[server-logs INFO ] 2020-08-06 13:56:14.096 BaseTest:196 - Appium server already running..:
[server-logs INFO ] 2020-08-06 13:57:32.934 BaseTest:220 - Appium server stopped..:
[server-logs INFO ] 2020-08-06 14:00:00.339 BaseTest:196 - Appium server already running..:
[server-logs INFO ] 2020-08-06 14:01:20.784 BaseTest:220 - Appium server stopped..:
[server-logs INFO ] 2020-08-06 15:25:36.784 BaseTest:196 - Appium server already running..:
[server-logs INFO ] 2020-08-06 15:26:37.464 BaseTest:220 - Appium server stopped..:
[server-logs INFO ] 2020-08-06 15:27:18.321 BaseTest:196 - Appium server already running..:
[server-logs INFO ] 2020-08-06 15:28:34.789 BaseTest:220 - Appium server stopped..:
[server-logs INFO ] 2020-08-06 15:31:30.223 BaseTest:196 - Appium server already running..:
[server-logs INFO ] 2020-08-06 15:32:37.246 BaseTest:220 - Appium server stopped..:
[server-logs INFO ] 2020-08-06 15:32:55.948 BaseTest:196 - Appium server already running..:
[server-logs INFO ] 2020-08-06 15:34:01.803 BaseTest:220 - Appium server stopped..:
[server-logs INFO ] 2020-08-06 15:34:51.296 BaseTest:196 - Appium server already running..:
[server-logs INFO ] 2020-08-06 15:36:17.196 BaseTest:220 - Appium server stopped..:
[server-logs INFO ] 2020-08-06 15:43:39.260 BaseTest:196 - Appium server already running..:
[server-logs INFO ] 2020-08-06 15:44:58.369 BaseTest:220 - Appium server stopped..:
[server-logs INFO ] 2020-08-06 15:48:59.762 BaseTest:196 - Appium server already running..:
[server-logs INFO ] 2020-08-06 15:50:18.534 BaseTest:220 - Appium server stopped..:
[server-logs INFO ] 2020-08-06 15:51:11.785 BaseTest:196 - Appium server already running..:
[server-logs INFO ] 2020-08-06 15:52:27.650 BaseTest:220 - Appium server stopped..:
[server-logs INFO ] 2020-08-06 16:34:12.850 BaseTest:196 - Appium server already running..:
[server-logs INFO ] 2020-08-06 16:35:06.779 BaseTest:196 - Appium server already running..:
[server-logs INFO ] 2020-08-06 16:35:33.239 BaseTest:220 - Appium server stopped..:
[server-logs INFO ] 2020-08-06 16:37:09.686 BaseTest:196 - Appium server already running..:
[server-logs INFO ] 2020-08-06 16:38:47.100 BaseTest:196 - Appium server already running..:
[server-logs INFO ] 2020-08-06 16:39:25.401 BaseTest:196 - Appium server already running..:
[server-logs INFO ] 2020-08-06 16:40:12.309 BaseTest:220 - Appium server stopped..:
[server-logs INFO ] 2020-08-06 16:40:56.789 BaseTest:196 - Appium server already running..:
[server-logs INFO ] 2020-08-06 16:42:29.368 BaseTest:220 - Appium server stopped..:
[server-logs INFO ] 2020-08-06 17:07:11.795 BaseTest:196 - Appium server already running..:
[server-logs INFO ] 2020-08-06 17:08:13.586 BaseTest:220 - Appium server stopped..:
[server-logs INFO ] 2020-08-06 17:08:57.489 BaseTest:196 - Appium server already running..:
[server-logs INFO ] 2020-08-06 17:10:13.678 BaseTest:220 - Appium server stopped..:
[server-logs INFO ] 2020-08-06 17:11:47.408 BaseTest:196 - Appium server already running..:
[server-logs INFO ] 2020-08-06 17:13:01.681 BaseTest:220 - Appium server stopped..:
[server-logs INFO ] 2020-08-06 17:25:17.891 BaseTest:196 - Appium server already running..:
[server-logs INFO ] 2020-08-06 17:27:26.468 BaseTest:196 - Appium server already running..:
[server-logs INFO ] 2020-08-06 17:38:30.221 BaseTest:196 - Appium server already running..:
[server-logs INFO ] 2020-08-06 17:40:04.890 BaseTest:196 - Appium server already running..:
[server-logs INFO ] 2020-08-06 17:40:55.694 BaseTest:196 - Appium server already running..:
